<?xml version="1.0" encoding="UTF-8"?>
<!-- Generated by org.testng.reporters.JUnitReportReporter -->
<testsuite hostname="DESKTOP-FG1LHL0" failures="0" tests="1" name="com.tests.TestRunner" time="2.987" errors="0" timestamp="2021-04-20T07:55:26 IST" skipped="0">
  <testcase classname="com.tests.TestRunner" name="postReqUsingPojoUsingBuilder" time="2.987"/>
  <system-out/>
</testsuite> <!-- com.tests.TestRunner -->
